20:47:00.085 [TestNG-tests-2] DEBUG io.netty.util.internal.PlatformDependent - sun.misc.Unsafe: available
20:47:00.092 [TestNG-tests-2] DEBUG io.netty.util.internal.PlatformDependent - -Dio.netty.tmpdir: C:\Users\swlokhan\AppData\Local\Temp (java.io.tmpdir)
20:47:00.092 [TestNG-tests-2] DEBUG io.netty.util.internal.PlatformDependent - -Dio.netty.bitMode: 64 (sun.arch.data.model)
20:47:00.092 [TestNG-tests-2] DEBUG io.netty.util.internal.PlatformDependent - Platform: Windows
20:47:00.093 [TestNG-tests-2] DEBUG io.netty.util.internal.PlatformDependent - -Dio.netty.maxDirectMemory: 1881145344 bytes
20:47:00.093 [TestNG-tests-2] DEBUG io.netty.util.internal.PlatformDependent - -Dio.netty.uninitializedArrayAllocationThreshold: -1
20:47:00.094 [TestNG-tests-2] DEBUG io.netty.util.internal.CleanerJava6 - java.nio.ByteBuffer.cleaner(): available
20:47:00.094 [TestNG-tests-2] DEBUG io.netty.util.internal.PlatformDependent - -Dio.netty.noPreferDirect: false
20:47:00.102 [TestNG-tests-2] DEBUG io.netty.util.internal.PlatformDependent - org.jctools-core.MpscChunkedArrayQueue: available
20:47:00.120 [TestNG-tests-2] DEBUG io.netty.util.internal.InternalThreadLocalMap - -Dio.netty.threadLocalMap.stringBuilder.initialSize: 1024
20:47:00.120 [TestNG-tests-2] DEBUG io.netty.util.internal.InternalThreadLocalMap - -Dio.netty.threadLocalMap.stringBuilder.maxSize: 4096
20:47:00.146 [TestNG-tests-2] DEBUG io.netty.handler.ssl.JdkSslContext - Default protocols (JDK): [TLSv1.2, TLSv1.1, TLSv1] 
20:47:00.147 [TestNG-tests-2] DEBUG io.netty.handler.ssl.JdkSslContext - Default cipher suites (JDK): [TLS_ECDHE_ECDSA_WITH_AES_256_GCM_SHA384, TLS_ECDHE_ECDSA_WITH_AES_128_GCM_SHA256, TLS_ECDHE_RSA_WITH_AES_128_GCM_SHA256, TLS_ECDHE_RSA_WITH_AES_256_GCM_SHA384, TLS_ECDHE_RSA_WITH_AES_128_CBC_SHA, TLS_ECDHE_RSA_WITH_AES_256_CBC_SHA, TLS_RSA_WITH_AES_128_GCM_SHA256, TLS_RSA_WITH_AES_128_CBC_SHA, TLS_RSA_WITH_AES_256_CBC_SHA]
20:47:00.179 [TestNG-tests-2] DEBUG io.netty.channel.MultithreadEventLoopGroup - -Dio.netty.eventLoopThreads: 16
20:47:00.186 [TestNG-tests-2] DEBUG io.netty.channel.nio.NioEventLoop - -Dio.netty.noKeySetOptimization: false
20:47:00.186 [TestNG-tests-2] DEBUG io.netty.channel.nio.NioEventLoop - -Dio.netty.selectorAutoRebuildThreshold: 512
20:47:00.193 [TestNG-tests-2] TRACE io.netty.channel.nio.NioEventLoop - instrumented a special java.util.Set into: sun.nio.ch.WindowsSelectorImpl@321b42a0
20:47:00.195 [TestNG-tests-2] TRACE io.netty.channel.nio.NioEventLoop - instrumented a special java.util.Set into: sun.nio.ch.WindowsSelectorImpl@5620ad07
20:47:00.196 [TestNG-tests-2] TRACE io.netty.channel.nio.NioEventLoop - instrumented a special java.util.Set into: sun.nio.ch.WindowsSelectorImpl@3e46eb21
20:47:00.197 [TestNG-tests-2] TRACE io.netty.channel.nio.NioEventLoop - instrumented a special java.util.Set into: sun.nio.ch.WindowsSelectorImpl@5e2b221a
20:47:00.197 [TestNG-tests-2] TRACE io.netty.channel.nio.NioEventLoop - instrumented a special java.util.Set into: sun.nio.ch.WindowsSelectorImpl@26063207
20:47:00.198 [TestNG-tests-2] TRACE io.netty.channel.nio.NioEventLoop - instrumented a special java.util.Set into: sun.nio.ch.WindowsSelectorImpl@751dfb55
20:47:00.199 [TestNG-tests-2] TRACE io.netty.channel.nio.NioEventLoop - instrumented a special java.util.Set into: sun.nio.ch.WindowsSelectorImpl@7c0b1934
20:47:00.199 [TestNG-tests-2] TRACE io.netty.channel.nio.NioEventLoop - instrumented a special java.util.Set into: sun.nio.ch.WindowsSelectorImpl@7bb7cf5d
20:47:00.200 [TestNG-tests-2] TRACE io.netty.channel.nio.NioEventLoop - instrumented a special java.util.Set into: sun.nio.ch.WindowsSelectorImpl@6cb65c26
20:47:00.201 [TestNG-tests-2] TRACE io.netty.channel.nio.NioEventLoop - instrumented a special java.util.Set into: sun.nio.ch.WindowsSelectorImpl@766bd5b6
20:47:00.202 [TestNG-tests-2] TRACE io.netty.channel.nio.NioEventLoop - instrumented a special java.util.Set into: sun.nio.ch.WindowsSelectorImpl@520db0f6
20:47:00.202 [TestNG-tests-2] TRACE io.netty.channel.nio.NioEventLoop - instrumented a special java.util.Set into: sun.nio.ch.WindowsSelectorImpl@170550cd
20:47:00.203 [TestNG-tests-2] TRACE io.netty.channel.nio.NioEventLoop - instrumented a special java.util.Set into: sun.nio.ch.WindowsSelectorImpl@490c7967
20:47:00.204 [TestNG-tests-2] TRACE io.netty.channel.nio.NioEventLoop - instrumented a special java.util.Set into: sun.nio.ch.WindowsSelectorImpl@6162c395
20:47:00.204 [TestNG-tests-2] TRACE io.netty.channel.nio.NioEventLoop - instrumented a special java.util.Set into: sun.nio.ch.WindowsSelectorImpl@5ed7454f
20:47:00.205 [TestNG-tests-2] TRACE io.netty.channel.nio.NioEventLoop - instrumented a special java.util.Set into: sun.nio.ch.WindowsSelectorImpl@63e9f560
20:47:00.223 [TestNG-tests-2] DEBUG io.netty.buffer.PooledByteBufAllocator - -Dio.netty.allocator.numHeapArenas: 16
20:47:00.223 [TestNG-tests-2] DEBUG io.netty.buffer.PooledByteBufAllocator - -Dio.netty.allocator.numDirectArenas: 16
20:47:00.223 [TestNG-tests-2] DEBUG io.netty.buffer.PooledByteBufAllocator - -Dio.netty.allocator.pageSize: 8192
20:47:00.223 [TestNG-tests-2] DEBUG io.netty.buffer.PooledByteBufAllocator - -Dio.netty.allocator.maxOrder: 9
20:47:00.223 [TestNG-tests-2] DEBUG io.netty.buffer.PooledByteBufAllocator - -Dio.netty.allocator.chunkSize: 4194304
20:47:00.223 [TestNG-tests-2] DEBUG io.netty.buffer.PooledByteBufAllocator - -Dio.netty.allocator.smallCacheSize: 256
20:47:00.224 [TestNG-tests-2] DEBUG io.netty.buffer.PooledByteBufAllocator - -Dio.netty.allocator.normalCacheSize: 64
20:47:00.224 [TestNG-tests-2] DEBUG io.netty.buffer.PooledByteBufAllocator - -Dio.netty.allocator.maxCachedBufferCapacity: 32768
20:47:00.224 [TestNG-tests-2] DEBUG io.netty.buffer.PooledByteBufAllocator - -Dio.netty.allocator.cacheTrimInterval: 8192
20:47:00.224 [TestNG-tests-2] DEBUG io.netty.buffer.PooledByteBufAllocator - -Dio.netty.allocator.cacheTrimIntervalMillis: 0
20:47:00.224 [TestNG-tests-2] DEBUG io.netty.buffer.PooledByteBufAllocator - -Dio.netty.allocator.useCacheForAllThreads: false
20:47:00.224 [TestNG-tests-2] DEBUG io.netty.buffer.PooledByteBufAllocator - -Dio.netty.allocator.maxCachedByteBuffersPerChunk: 1023
20:47:00.233 [TestNG-tests-2] DEBUG io.netty.buffer.ByteBufUtil - -Dio.netty.allocator.type: pooled
20:47:00.233 [TestNG-tests-2] DEBUG io.netty.buffer.ByteBufUtil - -Dio.netty.threadLocalDirectBufferSize: 0
20:47:00.234 [TestNG-tests-2] DEBUG io.netty.buffer.ByteBufUtil - -Dio.netty.maxThreadLocalCharBufferSize: 16384
20:47:01.158 [Forwarding newSession on session null to remote] DEBUG io.netty.channel.DefaultChannelId - -Dio.netty.processId: 10016 (auto-detected)
20:47:01.161 [Forwarding newSession on session null to remote] DEBUG io.netty.util.NetUtil - -Djava.net.preferIPv4Stack: false
20:47:01.161 [Forwarding newSession on session null to remote] DEBUG io.netty.util.NetUtil - -Djava.net.preferIPv6Addresses: false
20:47:01.504 [Forwarding newSession on session null to remote] DEBUG io.netty.util.NetUtilInitializations - Loopback interface: lo (Software Loopback Interface 1, 127.0.0.1)
20:47:01.505 [Forwarding newSession on session null to remote] DEBUG io.netty.util.NetUtil - Failed to get SOMAXCONN from sysctl and file \proc\sys\net\core\somaxconn. Default: 200
20:47:01.515 [Forwarding newSession on session null to remote] DEBUG io.netty.channel.DefaultChannelId - -Dio.netty.machineId: 00:05:9a:ff:fe:3c:7a:00 (auto-detected)
20:47:01.558 [AsyncHttpClient-1-3] DEBUG io.netty.buffer.AbstractByteBuf - -Dio.netty.buffer.checkAccessible: true
20:47:01.558 [AsyncHttpClient-1-3] DEBUG io.netty.buffer.AbstractByteBuf - -Dio.netty.buffer.checkBounds: true
20:47:01.558 [AsyncHttpClient-1-3] DEBUG io.netty.util.ResourceLeakDetectorFactory - Loaded default ResourceLeakDetector: io.netty.util.ResourceLeakDetector@29eca01f
20:47:01.577 [AsyncHttpClient-1-2] DEBUG io.netty.util.Recycler - -Dio.netty.recycler.maxCapacityPerThread: 4096
20:47:01.577 [AsyncHttpClient-1-2] DEBUG io.netty.util.Recycler - -Dio.netty.recycler.ratio: 8
20:47:01.577 [AsyncHttpClient-1-2] DEBUG io.netty.util.Recycler - -Dio.netty.recycler.chunkSize: 32
20:47:01.578 [AsyncHttpClient-1-2] DEBUG io.netty.util.Recycler - -Dio.netty.recycler.blocking: false
20:47:04.388 [AsyncHttpClient-1-4] DEBUG io.netty.handler.codec.compression.Brotli - brotli4j not in the classpath; Brotli support will be unavailable.
20:47:05.004 [TestNG-tests-2] DEBUG io.netty.util.internal.ThreadLocalRandom - -Dio.netty.initialSeedUniquifier: 0x7db2f427546a5085
20:47:05.312 [TestNG-tests-1] DEBUG tests.LoginTest - Browser is launched
20:47:07.089 [TestNG-tests-1] DEBUG tests.LoginTest - Application URL is opened
20:47:07.967 [TestNG-tests-1] DEBUG tests.LoginTest - Clicked on My Account dropdown
20:47:08.347 [TestNG-tests-1] DEBUG tests.LoginTest - Clicked on login option
20:47:08.967 [TestNG-tests-1] DEBUG tests.LoginTest - email is entered
20:47:09.056 [TestNG-tests-1] DEBUG tests.LoginTest - password is entered
20:47:09.521 [TestNG-tests-1] DEBUG tests.LoginTest - login button is clicked
20:47:19.557 [TestNG-tests-1] DEBUG tests.LoginTest - User is not able to login
20:47:19.743 [AsyncHttpClient-1-8] TRACE io.netty.handler.codec.http.websocketx.WebSocket08FrameEncoder - Encoding WebSocket Frame opCode=8 length=26
20:47:22.467 [TestNG-tests-1] DEBUG tests.LoginTest - Browser is launched
20:47:25.431 [TestNG-tests-1] DEBUG tests.LoginTest - Application URL is opened
20:47:25.515 [TestNG-tests-1] DEBUG tests.LoginTest - Clicked on My Account dropdown
20:47:26.267 [TestNG-tests-1] DEBUG tests.LoginTest - Clicked on login option
20:47:26.363 [TestNG-tests-1] DEBUG tests.LoginTest - email is entered
20:47:26.428 [TestNG-tests-1] DEBUG tests.LoginTest - password is entered
20:47:27.087 [TestNG-tests-1] DEBUG tests.LoginTest - login button is clicked
20:47:27.139 [TestNG-tests-1] DEBUG tests.LoginTest - User logged in Successfully
20:47:27.139 [TestNG-tests-1] INFO  tests.LoginTest - Test is passed
